#
# A fatal error has been detected by the Java Runtime Environment:
#
#  EXCEPTION_ACCESS_VIOLATION (0xc0000005) at pc=0x0000000002c8f6a0, pid=4584, tid=0x000000000000009c
#
# JRE version: OpenJDK Runtime Environment (8.0_76-b03) (build 1.8.0_76-release-b03)
# Java VM: OpenJDK 64-Bit Server VM (25.76-b03 mixed mode windows-amd64 compressed oops)
# Problematic frame:
# J 15349 C1 java.util.Collections$UnmodifiableCollection.isEmpty()Z (10 bytes) @ 0x0000000002c8f6a0 [0x0000000002c8f800+0xfffffea0]
#
# Failed to write core dump. Minidumps are not enabled by default on client versions of Windows
#
# If you would like to submit a bug report, please visit:
#   http://bugreport.java.com/bugreport/crash.jsp
#

---------------  T H R E A D  ---------------

Current thread (0x000000001bd6e800):  JavaThread "Daemon worker Thread 5" [_thread_in_Java, id=156, stack(0x0000000019900000,0x0000000019a00000)]

siginfo: ExceptionCode=0xc0000005, writing address 0x00000001eaa095c0

Registers:
RAX=0x00000000f5504ae0, RBX=0x0000000000000007, RCX=0x00000000f5504ac8, RDX=0x00000000c003efc8
RSP=0x00000000199fbfc8, RBP=0x00000000f5504a30, RSI=0x00000000007aa825, RDI=0x0000000000000001
R8 =0x00000000f5504aa8, R9 =0x00000000f5504ae0, R10=0x0000000001f1da1a, R11=0x00000000118c0000
R12=0x0000000000000000, R13=0x00000000199fc070, R14=0x00000000199fbfb0, R15=0x000000001bd6e800
RIP=0x0000000002c8f6a0, EFLAGS=0x0000000000010246

Top of Stack: (sp=0x00000000199fbfc8)
0x00000000199fbfc8:   000000000425e080 0000000000000000
0x00000000199fbfd8:   0000000000000000 00000000199fc060
0x00000000199fbfe8:   0000000002f3c88d 0000000000000007
0x00000000199fbff8:   00000000f5504a30 00000000f5504aa8
0x00000000199fc008:   00000000f5504ac8 000000010019d030
0x00000000199fc018:   0000000100005890 00000000f5504ae0
0x00000000199fc028:   000000001bd6e800 00000000f54aaf50
0x00000000199fc038:   0000000000000000 00000000f54f6860
0x00000000199fc048:   0000000002cb107c 00000000199fc0c0
0x00000000199fc058:   0000000002b077b0 00000000199fc118
0x00000000199fc068:   0000000002b077b0 0000000000000001
0x00000000199fc078:   00000000f5504a30 00000000199fc080
0x00000000199fc088:   000000001937264a 00000000199fc0d0
0x00000000199fc098:   0000000019377a30 0000000000000000
0x00000000199fc0a8:   0000000019372658 00000000199fc070
0x00000000199fc0b8:   00000000199fc0d0 00000000199fc118 

Instructions: (pc=0x0000000002c8f6a0)
0x0000000002c8f680:   11 00 00 00 00 00 00 00 01 3b d0 0f 85 0f 66 eb
0x0000000002c8f690:   78 06 8c 5f 00 00 00 00 48 07 8c 5f 00 00 00 00
0x0000000002c8f6a0:   28 04 00 00 20 01 00 00 40 00 00 00 70 01 00 00
0x0000000002c8f6b0:   70 01 00 00 2c 00 00 00 98 03 00 00 08 00 00 00 


Register to memory mapping:

RAX=0x00000000f5504ae0 is an oop
java.lang.ref.SoftReference 
 - klass: 'java/lang/ref/SoftReference'
RBX=0x0000000000000007 is an unknown value
RCX=0x00000000f5504ac8 is an oop
java.io.ObjectStreamClass$EntryFuture 
 - klass: 'java/io/ObjectStreamClass$EntryFuture'
RDX=0x00000000c003efc8 is an oop
java.util.concurrent.ConcurrentHashMap 
 - klass: 'java/util/concurrent/ConcurrentHashMap'
RSP=0x00000000199fbfc8 is pointing into the stack for thread: 0x000000001bd6e800
RBP=0x00000000f5504a30 is an oop
java.lang.Class 
 - klass: 'java/lang/Class'
RSI=0x00000000007aa825 is an unknown value
RDI=0x0000000000000001 is an unknown value
R8 =0x00000000f5504aa8 is an oop
java.io.ObjectStreamClass$WeakClassKey 
 - klass: 'java/io/ObjectStreamClass$WeakClassKey'
R9 =0x00000000f5504ae0 is an oop
java.lang.ref.SoftReference 
 - klass: 'java/lang/ref/SoftReference'
R10=0x0000000001f1da1a is an unknown value
R11=0x00000000118c0000 is an unknown value
R12=0x0000000000000000 is an unknown value
R13=0x00000000199fc070 is pointing into the stack for thread: 0x000000001bd6e800
R14=0x00000000199fbfb0 is pointing into the stack for thread: 0x000000001bd6e800
R15=0x000000001bd6e800 is a thread


Stack: [0x0000000019900000,0x0000000019a00000],  sp=0x00000000199fbfc8,  free space=1007k
Native frames: (J=compiled Java code, j=interpreted, Vv=VM code, C=native code)
C  0x0000000002c8f6a0


---------------  P R O C E S S  ---------------

Java Threads: ( => current thread )
  0x000000001bd72800 JavaThread "Cache update executor" [_thread_blocked, id=4468, stack(0x000000001d2c0000,0x000000001d3c0000)]
  0x000000001bd71000 JavaThread "Stdin handler" [_thread_blocked, id=4784, stack(0x0000000019b00000,0x0000000019c00000)]
  0x000000001bd6d000 JavaThread "Asynchronous log dispatcher for DefaultDaemonConnection: socket connection from /127.0.0.1:61932 to /127.0.0.1:63771" [_thread_blocked, id=4476, stack(0x0000000019a00000,0x0000000019b00000)]
=>0x000000001bd6e800 JavaThread "Daemon worker Thread 5" [_thread_in_Java, id=156, stack(0x0000000019900000,0x0000000019a00000)]
  0x000000001bd70000 JavaThread "Cancel handler" [_thread_blocked, id=5380, stack(0x0000000019800000,0x0000000019900000)]
  0x000000001bd69800 JavaThread "Handler for socket connection from /127.0.0.1:61932 to /127.0.0.1:63771" [_thread_in_native, id=2728, stack(0x0000000019600000,0x0000000019700000)]
  0x000000001bd6a000 JavaThread "Daemon Thread 5" [_thread_blocked, id=3108, stack(0x0000000019500000,0x0000000019600000)]
  0x000000001affd000 JavaThread "pool-9-thread-4" [_thread_blocked, id=568, stack(0x0000000024c30000,0x0000000024d30000)]
  0x000000001aff7000 JavaThread "pool-9-thread-2" [_thread_blocked, id=4792, stack(0x0000000024b30000,0x0000000024c30000)]
  0x000000001aff9800 JavaThread "pool-9-thread-3" [_thread_blocked, id=2832, stack(0x0000000024a30000,0x0000000024b30000)]
  0x000000001aff8800 JavaThread "pool-9-thread-1" [_thread_blocked, id=4132, stack(0x00000000246c0000,0x00000000247c0000)]
  0x000000001aff3800 JavaThread "stdout" daemon [_thread_in_native, id=5436, stack(0x0000000023fc0000,0x00000000240c0000)]
  0x000000001aff2800 JavaThread "stderr" daemon [_thread_in_native, id=6016, stack(0x0000000023ec0000,0x0000000023fc0000)]
  0x000000001aff2000 JavaThread "stdout" daemon [_thread_in_native, id=6116, stack(0x0000000023dc0000,0x0000000023ec0000)]
  0x000000001aff0800 JavaThread "stderr" daemon [_thread_in_native, id=5524, stack(0x0000000023cc0000,0x0000000023dc0000)]
  0x000000001aba6800 JavaThread "stdout" daemon [_thread_in_native, id=1140, stack(0x0000000023bc0000,0x0000000023cc0000)]
  0x000000001aba5000 JavaThread "stderr" daemon [_thread_in_native, id=4600, stack(0x0000000023ac0000,0x0000000023bc0000)]
  0x000000001aba4000 JavaThread "stdout" daemon [_thread_in_native, id=636, stack(0x00000000239c0000,0x0000000023ac0000)]
  0x000000001aba2800 JavaThread "stderr" daemon [_thread_in_native, id=2712, stack(0x00000000238c0000,0x00000000239c0000)]
  0x000000001aba5800 JavaThread "stdout" daemon [_thread_in_native, id=4412, stack(0x00000000237c0000,0x00000000238c0000)]
  0x000000001aba3800 JavaThread "stderr" daemon [_thread_in_native, id=920, stack(0x00000000236c0000,0x00000000237c0000)]
  0x000000001aba1000 JavaThread "png-cruncher_10" daemon [_thread_blocked, id=5740, stack(0x00000000235c0000,0x00000000236c0000)]
  0x000000001aba2000 JavaThread "png-cruncher_9" daemon [_thread_blocked, id=4696, stack(0x00000000234c0000,0x00000000235c0000)]
  0x000000001ab9d800 JavaThread "png-cruncher_8" daemon [_thread_blocked, id=2208, stack(0x00000000233c0000,0x00000000234c0000)]
  0x000000001aba0800 JavaThread "png-cruncher_7" daemon [_thread_blocked, id=5636, stack(0x00000000232c0000,0x00000000233c0000)]
  0x000000001ab9f000 JavaThread "png-cruncher_6" daemon [_thread_blocked, id=6104, stack(0x00000000231c0000,0x00000000232c0000)]
  0x000000001ab9c000 JavaThread "stdout" daemon [_thread_in_native, id=5020, stack(0x0000000022fc0000,0x00000000230c0000)]
  0x000000001ab9c800 JavaThread "stderr" daemon [_thread_in_native, id=5784, stack(0x0000000022ec0000,0x0000000022fc0000)]
  0x000000001ab9b000 JavaThread "stdout" daemon [_thread_in_native, id=2472, stack(0x0000000022dc0000,0x0000000022ec0000)]
  0x000000001ab9e000 JavaThread "stdout" daemon [_thread_in_native, id=4372, stack(0x0000000022cc0000,0x0000000022dc0000)]
  0x000000001ab97800 JavaThread "stdout" daemon [_thread_in_native, id=4240, stack(0x0000000022bc0000,0x0000000022cc0000)]
  0x000000001ab9a800 JavaThread "stdout" daemon [_thread_in_native, id=4044, stack(0x0000000022ac0000,0x0000000022bc0000)]
  0x000000001ab99800 JavaThread "stderr" daemon [_thread_in_native, id=4136, stack(0x00000000229c0000,0x0000000022ac0000)]
  0x000000001ab98000 JavaThread "stderr" daemon [_thread_in_native, id=4692, stack(0x00000000228c0000,0x00000000229c0000)]
  0x000000001ab99000 JavaThread "stderr" daemon [_thread_in_native, id=740, stack(0x00000000227c0000,0x00000000228c0000)]
  0x000000001ca8a000 JavaThread "stderr" daemon [_thread_in_native, id=4068, stack(0x00000000226c0000,0x00000000227c0000)]
  0x000000001ca85800 JavaThread "png-cruncher_5" daemon [_thread_blocked, id=5992, stack(0x00000000225c0000,0x00000000226c0000)]
  0x000000001ca87000 JavaThread "png-cruncher_4" daemon [_thread_blocked, id=4196, stack(0x00000000224c0000,0x00000000225c0000)]
  0x0000000016daa000 JavaThread "png-cruncher_3" daemon [_thread_blocked, id=5752, stack(0x00000000223c0000,0x00000000224c0000)]
  0x0000000016da8800 JavaThread "png-cruncher_2" daemon [_thread_blocked, id=4588, stack(0x00000000222c0000,0x00000000223c0000)]
  0x0000000016dab800 JavaThread "png-cruncher_1" daemon [_thread_blocked, id=3820, stack(0x00000000221c0000,0x00000000222c0000)]
  0x0000000016da7800 JavaThread "Java2D Disposer" daemon [_thread_blocked, id=4184, stack(0x00000000220c0000,0x00000000221c0000)]
  0x000000001891e000 JavaThread "File lock request listener" [_thread_in_native, id=4716, stack(0x000000001add0000,0x000000001aed0000)]
  0x0000000017f13000 JavaThread "pool-1-thread-1" [_thread_blocked, id=2380, stack(0x0000000019700000,0x0000000019800000)]
  0x0000000017ed3800 JavaThread "Incoming local TCP Connector on port 61932" [_thread_in_native, id=868, stack(0x0000000018e00000,0x0000000018f00000)]
  0x0000000016b64000 JavaThread "Service Thread" daemon [_thread_blocked, id=2872, stack(0x0000000016f50000,0x0000000017050000)]
  0x00000000151f4800 JavaThread "C1 CompilerThread2" daemon [_thread_blocked, id=3508, stack(0x0000000016a50000,0x0000000016b50000)]
  0x00000000151ee800 JavaThread "C2 CompilerThread1" daemon [_thread_blocked, id=5680, stack(0x0000000016950000,0x0000000016a50000)]
  0x00000000151eb000 JavaThread "C2 CompilerThread0" daemon [_thread_blocked, id=5028, stack(0x0000000016850000,0x0000000016950000)]
  0x00000000151e9800 JavaThread "Attach Listener" daemon [_thread_blocked, id=3132, stack(0x0000000016750000,0x0000000016850000)]
  0x00000000151e8000 JavaThread "Signal Dispatcher" daemon [_thread_blocked, id=5776, stack(0x0000000016650000,0x0000000016750000)]
  0x00000000151d8800 JavaThread "Finalizer" daemon [_thread_blocked, id=6004, stack(0x0000000016460000,0x0000000016560000)]
  0x0000000002ae1000 JavaThread "Reference Handler" daemon [_thread_blocked, id=5252, stack(0x0000000016360000,0x0000000016460000)]
  0x00000000029ee000 JavaThread "main" [_thread_blocked, id=1232, stack(0x00000000028d0000,0x00000000029d0000)]

Other Threads:
  0x00000000151b4000 VMThread [stack: 0x0000000016260000,0x0000000016360000] [id=2672]
  0x0000000016b67000 WatcherThread [stack: 0x0000000017050000,0x0000000017150000] [id=5656]

VM state:not at safepoint (normal execution)

VM Mutex/Monitor currently owned by a thread: None

Heap:
 PSYoungGen      total 283136K, used 184221K [0x00000000eab00000, 0x0000000100000000, 0x0000000100000000)
  eden space 265728K, 65% used [0x00000000eab00000,0x00000000f5554a08,0x00000000fae80000)
  from space 17408K, 56% used [0x00000000fae80000,0x00000000fb812ac0,0x00000000fbf80000)
  to   space 17408K, 0% used [0x00000000fef00000,0x00000000fef00000,0x0000000100000000)
 ParOldGen       total 134144K, used 57756K [0x00000000c0000000, 0x00000000c8300000, 0x00000000eab00000)
  object space 134144K, 43% used [0x00000000c0000000,0x00000000c38671b0,0x00000000c8300000)
 Metaspace       used 73051K, capacity 76314K, committed 76544K, reserved 1116160K
  class space    used 9541K, capacity 10185K, committed 10240K, reserved 1048576K

Card table byte_map: [0x0000000011ec0000,0x00000000120d0000] byte_map_base: 0x00000000118c0000

Marking Bits: (ParMarkBitMap*) 0x000000005fac9d00
 Begin Bits: [0x0000000012630000, 0x0000000013630000)
 End Bits:   [0x0000000013630000, 0x0000000014630000)

Polling page: 0x0000000002890000

CodeCache: size=245760Kb used=42593Kb max_used=42621Kb free=203166Kb
 bounds [0x0000000002b00000, 0x00000000054e0000, 0x0000000011b00000]
 total_blobs=13407 nmethods=12532 adapters=786
 compilation: enabled

Compilation events (10 events):
Event: 3482.497 Thread 0x00000000151f4800 15563       3       org.gradle.api.internal.changedetection.state.FileHashSnapshot::isContentUpToDate (26 bytes)
Event: 3482.498 Thread 0x00000000151f4800 nmethod 15563 0x00000000054b8850 code [0x00000000054b8a20, 0x00000000054b92a8]
Event: 3482.498 Thread 0x00000000151f4800 15564       3       java.security.MessageDigest::isEqual (62 bytes)
Event: 3482.498 Thread 0x00000000151f4800 nmethod 15564 0x00000000054b8210 code [0x00000000054b8380, 0x00000000054b8710]
Event: 3482.500 Thread 0x00000000151f4800 15565   !   3       sun.nio.cs.UnicodeEncoder::encodeLoop (207 bytes)
Event: 3482.502 Thread 0x00000000151f4800 nmethod 15565 0x00000000054c4850 code [0x00000000054c4ae0, 0x00000000054c5e28]
Event: 3482.502 Thread 0x00000000151f4800 15566       3       java.util.stream.Collectors$$Lambda$114/851698509::accept (11 bytes)
Event: 3482.503 Thread 0x00000000151f4800 nmethod 15566 0x00000000054c2ed0 code [0x00000000054c3040, 0x00000000054c3368]
Event: 3482.509 Thread 0x00000000151f4800 15567       3       sun.misc.URLClassPath$Loader::<init> (10 bytes)
Event: 3482.509 Thread 0x00000000151f4800 nmethod 15567 0x00000000054b7e10 code [0x00000000054b7f60, 0x00000000054b8130]

GC Heap History (10 events):
Event: 174.945 GC heap before
{Heap before GC invocations=26 (full 3):
 PSYoungGen      total 175616K, used 167392K [0x00000000eab00000, 0x00000000f8400000, 0x0000000100000000)
  eden space 157184K, 99% used [0x00000000eab00000,0x00000000f4394b28,0x00000000f4480000)
  from space 18432K, 60% used [0x00000000f5600000,0x00000000f60e3840,0x00000000f6800000)
  to   space 17920K, 0% used [0x00000000f4480000,0x00000000f4480000,0x00000000f5600000)
 ParOldGen       total 134144K, used 46194K [0x00000000c0000000, 0x00000000c8300000, 0x00000000eab00000)
  object space 134144K, 34% used [0x00000000c0000000,0x00000000c2d1c900,0x00000000c8300000)
 Metaspace       used 68632K, capacity 71228K, committed 71424K, reserved 1112064K
  class space    used 9055K, capacity 9621K, committed 9728K, reserved 1048576K
Event: 174.962 GC heap after
Heap after GC invocations=26 (full 3):
 PSYoungGen      total 175104K, used 6936K [0x00000000eab00000, 0x00000000f9f00000, 0x0000000100000000)
  eden space 157184K, 0% used [0x00000000eab00000,0x00000000eab00000,0x00000000f4480000)
  from space 17920K, 38% used [0x00000000f4480000,0x00000000f4b46090,0x00000000f5600000)
  to   space 17920K, 0% used [0x00000000f8d80000,0x00000000f8d80000,0x00000000f9f00000)
 ParOldGen       total 134144K, used 49218K [0x00000000c0000000, 0x00000000c8300000, 0x00000000eab00000)
  object space 134144K, 36% used [0x00000000c0000000,0x00000000c3010af0,0x00000000c8300000)
 Metaspace       used 68632K, capacity 71228K, committed 71424K, reserved 1112064K
  class space    used 9055K, capacity 9621K, committed 9728K, reserved 1048576K
}
Event: 244.374 GC heap before
{Heap before GC invocations=27 (full 3):
 PSYoungGen      total 175104K, used 164120K [0x00000000eab00000, 0x00000000f9f00000, 0x0000000100000000)
  eden space 157184K, 100% used [0x00000000eab00000,0x00000000f4480000,0x00000000f4480000)
  from space 17920K, 38% used [0x00000000f4480000,0x00000000f4b46090,0x00000000f5600000)
  to   space 17920K, 0% used [0x00000000f8d80000,0x00000000f8d80000,0x00000000f9f00000)
 ParOldGen       total 134144K, used 49218K [0x00000000c0000000, 0x00000000c8300000, 0x00000000eab00000)
  object space 134144K, 36% used [0x00000000c0000000,0x00000000c3010af0,0x00000000c8300000)
 Metaspace       used 70531K, capacity 73296K, committed 73472K, reserved 1112064K
  class space    used 9279K, capacity 9883K, committed 9984K, reserved 1048576K
Event: 244.400 GC heap after
Heap after GC invocations=27 (full 3):
 PSYoungGen      total 228864K, used 3958K [0x00000000eab00000, 0x00000000f9d80000, 0x0000000100000000)
  eden space 212480K, 0% used [0x00000000eab00000,0x00000000eab00000,0x00000000f7a80000)
  from space 16384K, 24% used [0x00000000f8d80000,0x00000000f915dab0,0x00000000f9d80000)
  to   space 17920K, 0% used [0x00000000f7a80000,0x00000000f7a80000,0x00000000f8c00000)
 ParOldGen       total 134144K, used 55311K [0x00000000c0000000, 0x00000000c8300000, 0x00000000eab00000)
  object space 134144K, 41% used [0x00000000c0000000,0x00000000c3603f30,0x00000000c8300000)
 Metaspace       used 70531K, capacity 73296K, committed 73472K, reserved 1112064K
  class space    used 9279K, capacity 9883K, committed 9984K, reserved 1048576K
}
Event: 245.787 GC heap before
{Heap before GC invocations=28 (full 3):
 PSYoungGen      total 228864K, used 215810K [0x00000000eab00000, 0x00000000f9d80000, 0x0000000100000000)
  eden space 212480K, 99% used [0x00000000eab00000,0x00000000f79e2f78,0x00000000f7a80000)
  from space 16384K, 24% used [0x00000000f8d80000,0x00000000f915dab0,0x00000000f9d80000)
  to   space 17920K, 0% used [0x00000000f7a80000,0x00000000f7a80000,0x00000000f8c00000)
 ParOldGen       total 134144K, used 55311K [0x00000000c0000000, 0x00000000c8300000, 0x00000000eab00000)
  object space 134144K, 41% used [0x00000000c0000000,0x00000000c3603f30,0x00000000c8300000)
 Metaspace       used 71376K, capacity 74226K, committed 74368K, reserved 1114112K
  class space    used 9399K, capacity 10020K, committed 10112K, reserved 1048576K
Event: 245.795 GC heap after
Heap after GC invocations=28 (full 3):
 PSYoungGen      total 230400K, used 8313K [0x00000000eab00000, 0x00000000fd000000, 0x0000000100000000)
  eden space 212480K, 0% used [0x00000000eab00000,0x00000000eab00000,0x00000000f7a80000)
  from space 17920K, 46% used [0x00000000f7a80000,0x00000000f829e790,0x00000000f8c00000)
  to   space 16896K, 0% used [0x00000000fbf80000,0x00000000fbf80000,0x00000000fd000000)
 ParOldGen       total 134144K, used 55327K [0x00000000c0000000, 0x00000000c8300000, 0x00000000eab00000)
  object space 134144K, 41% used [0x00000000c0000000,0x00000000c3607f30,0x00000000c8300000)
 Metaspace       used 71376K, capacity 74226K, committed 74368K, reserved 1114112K
  class space    used 9399K, capacity 10020K, committed 10112K, reserved 1048576K
}
Event: 245.840 GC heap before
{Heap before GC invocations=29 (full 3):
 PSYoungGen      total 230400K, used 219782K [0x00000000eab00000, 0x00000000fd000000, 0x0000000100000000)
  eden space 212480K, 99% used [0x00000000eab00000,0x00000000f7983460,0x00000000f7a80000)
  from space 17920K, 46% used [0x00000000f7a80000,0x00000000f829e790,0x00000000f8c00000)
  to   space 16896K, 0% used [0x00000000fbf80000,0x00000000fbf80000,0x00000000fd000000)
 ParOldGen       total 134144K, used 55327K [0x00000000c0000000, 0x00000000c8300000, 0x00000000eab00000)
  object space 134144K, 41% used [0x00000000c0000000,0x00000000c3607f30,0x00000000c8300000)
 Metaspace       used 71376K, capacity 74226K, committed 74368K, reserved 1114112K
  class space    used 9399K, capacity 10020K, committed 10112K, reserved 1048576K
Event: 245.846 GC heap after
Heap after GC invocations=29 (full 3):
 PSYoungGen      total 282624K, used 64K [0x00000000eab00000, 0x00000000fd200000, 0x0000000100000000)
  eden space 265728K, 0% used [0x00000000eab00000,0x00000000eab00000,0x00000000fae80000)
  from space 16896K, 0% used [0x00000000fbf80000,0x00000000fbf90000,0x00000000fd000000)
  to   space 17408K, 0% used [0x00000000fae80000,0x00000000fae80000,0x00000000fbf80000)
 ParOldGen       total 134144K, used 57724K [0x00000000c0000000, 0x00000000c8300000, 0x00000000eab00000)
  object space 134144K, 43% used [0x00000000c0000000,0x00000000c385f1b0,0x00000000c8300000)
 Metaspace       used 71376K, capacity 74226K, committed 74368K, reserved 1114112K
  class space    used 9399K, capacity 10020K, committed 10112K, reserved 1048576K
}
Event: 671.441 GC heap before
{Heap before GC invocations=30 (full 3):
 PSYoungGen      total 282624K, used 265792K [0x00000000eab00000, 0x00000000fd200000, 0x0000000100000000)
  eden space 265728K, 100% used [0x00000000eab00000,0x00000000fae80000,0x00000000fae80000)
  from space 16896K, 0% used [0x00000000fbf80000,0x00000000fbf90000,0x00000000fd000000)
  to   space 17408K, 0% used [0x00000000fae80000,0x00000000fae80000,0x00000000fbf80000)
 ParOldGen       total 134144K, used 57724K [0x00000000c0000000, 0x00000000c8300000, 0x00000000eab00000)
  object space 134144K, 43% used [0x00000000c0000000,0x00000000c385f1b0,0x00000000c8300000)
 Metaspace       used 72369K, capacity 75470K, committed 75776K, reserved 1114112K
  class space    used 9499K, capacity 10134K, committed 10240K, reserved 1048576K
Event: 671.469 GC heap after
Heap after GC invocations=30 (full 3):
 PSYoungGen      total 283136K, used 9802K [0x00000000eab00000, 0x0000000100000000, 0x0000000100000000)
  eden space 265728K, 0% used [0x00000000eab00000,0x00000000eab00000,0x00000000fae80000)
  from space 17408K, 56% used [0x00000000fae80000,0x00000000fb812ac0,0x00000000fbf80000)
  to   space 17408K, 0% used [0x00000000fef00000,0x00000000fef00000,0x0000000100000000)
 ParOldGen       total 134144K, used 57756K [0x00000000c0000000, 0x00000000c8300000, 0x00000000eab00000)
  object space 134144K, 43% used [0x00000000c0000000,0x00000000c38671b0,0x00000000c8300000)
 Metaspace       used 72369K, capacity 75470K, committed 75776K, reserved 1114112K
  class space    used 9499K, capacity 10134K, committed 10240K, reserved 1048576K
}

Deoptimization events (10 events):
Event: 3164.585 Thread 0x0000000017f13000 Uncommon trap: reason=unstable_if action=reinterpret pc=0x00000000053c9f70 method=java.text.SimpleDateFormat.zeroPaddingNumber(IIILjava/lang/StringBuffer;)V @ 41
Event: 3164.586 Thread 0x0000000017f13000 Uncommon trap: reason=unstable_if action=reinterpret pc=0x00000000053bf3bc method=java.text.SimpleDateFormat.zeroPaddingNumber(IIILjava/lang/StringBuffer;)V @ 41
Event: 3480.874 Thread 0x000000001bd69800 Uncommon trap: reason=class_check action=maybe_recompile pc=0x0000000004237454 method=java.lang.reflect.Array.newInstance(Ljava/lang/Class;I)Ljava/lang/Object; @ 2
Event: 3481.486 Thread 0x000000001bd6e800 Uncommon trap: reason=class_check action=maybe_recompile pc=0x0000000004604998 method=com.google.common.collect.AbstractMapBasedMultimap.iteratorOrListIterator(Ljava/util/Collection;)Ljava/util/Iterator; @ 1
Event: 3481.486 Thread 0x000000001bd6e800 Uncommon trap: reason=class_check action=maybe_recompile pc=0x00000000030fee0c method=com.google.common.collect.AbstractMapBasedMultimap$WrappedCollection.size()I @ 8
Event: 3481.486 Thread 0x000000001bd6e800 Uncommon trap: reason=class_check action=maybe_recompile pc=0x000000000460c888 method=com.google.common.collect.AbstractMapBasedMultimap$WrappedCollection$WrappedIterator.next()Ljava/lang/Object; @ 8
Event: 3481.686 Thread 0x000000001bd6e800 Uncommon trap: reason=class_check action=maybe_recompile pc=0x0000000003c2fc94 method=com.sun.org.apache.xerces.internal.impl.dtd.XMLDTDValidator.handleStartElement(Lcom/sun/org/apache/xerces/internal/xni/QName;Lcom/sun/org/apache/xerces/internal/xni/XMLAt9‰Á¸Z4«@
Event: 3482.177 Thread 0x000000001bd6e800 Uncommon trap: reason=unstable_if action=reinterpret pc=0x000000000475a718 method=org.gradle.cache.internal.btree.FileBackedBlockStore$BlockImpl.getPos()Lorg/gradle/cache/internal/btree/BlockPointer; @ 4
Event: 3482.379 Thread 0x000000001bd6e800 Uncommon trap: reason=unstable_if action=reinterpret pc=0x0000000005012b90 method=java.security.MessageDigest.isEqual([B[B)Z @ 53
Event: 3482.497 Thread 0x000000001bd6e800 Uncommon trap: reason=unstable_if action=reinterpret pc=0x0000000004268ad4 method=java.security.MessageDigest.isEqual([B[B)Z @ 53

Internal exceptions (10 events):
Event: 585.799 Thread 0x000000001bd6c800 Exception <a 'java/lang/NoSuchMethodError': <clinit>> (0x00000000ee7d1588) thrown at [C:\src\android\AOSP-openjdk\external\jetbrains\jdk\hotspot\src\share\vm\prims\jni.cpp, line 1591]
Event: 585.819 Thread 0x000000001bd6c800 Exception <a 'java/lang/NoSuchMethodError': <clinit>> (0x00000000f514e4f8) thrown at [C:\src\android\AOSP-openjdk\external\jetbrains\jdk\hotspot\src\share\vm\prims\jni.cpp, line 1591]
Event: 670.171 Thread 0x000000001bd6e000 Exception <a 'java/lang/ClassNotFoundException': asLocalRepo259_e6dsnj55asuhvjdlu80v1hxthBeanInfo> (0x00000000f56178f0) thrown at [C:\src\android\AOSP-openjdk\external\jetbrains\jdk\hotspot\src\share\vm\classfile\systemDictionary.cpp, line 210]
Event: 670.171 Thread 0x000000001bd6e000 Exception <a 'java/lang/ClassNotFoundException': asLocalRepo259_e6dsnj55asuhvjdlu80v1hxthCustomizer> (0x00000000f56228a8) thrown at [C:\src\android\AOSP-openjdk\external\jetbrains\jdk\hotspot\src\share\vm\classfile\systemDictionary.cpp, line 210]
Event: 670.602 Thread 0x000000001bd6e000 Exception <a 'java/net/UnknownHostException': jcenter.bintray.com> (0x00000000f7fe8f28) thrown at [C:\src\android\AOSP-openjdk\external\jetbrains\jdk\hotspot\src\share\vm\prims\jni.cpp, line 735]
Event: 671.470 Thread 0x000000001bd6e000 Implicit null exception at 0x00000000048c9c21 to 0x00000000048ca2b9
Event: 672.434 Thread 0x000000001bd6e000 Exception <a 'java/lang/NoSuchMethodError': <clinit>> (0x00000000ed6f1440) thrown at [C:\src\android\AOSP-openjdk\external\jetbrains\jdk\hotspot\src\share\vm\prims\jni.cpp, line 1591]
Event: 3481.099 Thread 0x000000001bd6e800 Exception <a 'java/lang/ClassNotFoundException': asLocalRepo883_82b87ygn8ghd1qx5iq04kz0wzBeanInfo> (0x00000000ef591190) thrown at [C:\src\android\AOSP-openjdk\external\jetbrains\jdk\hotspot\src\share\vm\classfile\systemDictionary.cpp, line 210]
Event: 3481.100 Thread 0x000000001bd6e800 Exception <a 'java/lang/ClassNotFoundException': asLocalRepo883_82b87ygn8ghd1qx5iq04kz0wzCustomizer> (0x00000000ef59c148) thrown at [C:\src\android\AOSP-openjdk\external\jetbrains\jdk\hotspot\src\share\vm\classfile\systemDictionary.cpp, line 210]
Event: 3481.499 Thread 0x000000001bd6e800 Exception <a 'java/net/UnknownHostException': jcenter.bintray.com> (0x00000000f1d97780) thrown at [C:\src\android\AOSP-openjdk\external\jetbrains\jdk\hotspot\src\share\vm\prims\jni.cpp, line 735]

Events (10 events):
Event: 3482.501 loading class com/android/build/gradle/internal/pipeline/TransformTask$3
Event: 3482.501 loading class com/android/build/gradle/internal/pipeline/TransformTask$3 done
Event: 3482.502 loading class com/android/build/api/transform/SecondaryInput
Event: 3482.502 loading class com/android/build/api/transform/SecondaryInput done
Event: 3482.504 loading class com/android/build/gradle/internal/transforms/InstantRunTransform$1
Event: 3482.504 loading class com/android/build/gradle/internal/transforms/InstantRunTransform$1 done
Event: 3482.512 loading class com/tolahtoleh/tolahtolehbeta/Adapter2/GridAdapter2
Event: 3482.512 loading class com/tolahtoleh/tolahtolehbeta/Adapter2/GridAdapter2 done
Event: 3482.513 loading class android/support/v7/widget/RecyclerView$Adapter
Event: 3482.513 loading class android/support/v7/widget/RecyclerView$Adapter done


Dynamic libraries:
0x00007ff7a81c0000 - 0x00007ff7a81f1000 	C:\Program Files\Android\Android Studio\jre\bin\java.exe
0x00007ffd763f0000 - 0x00007ffd76599000 	C:\Windows\SYSTEM32\ntdll.dll
0x00007ffd761b0000 - 0x00007ffd762e9000 	C:\Windows\system32\KERNEL32.DLL
0x00007ffd738f0000 - 0x00007ffd739fe000 	C:\Windows\system32\KERNELBASE.dll
0x00007ffd73fc0000 - 0x00007ffd74065000 	C:\Windows\system32\ADVAPI32.dll
0x00007ffd73ca0000 - 0x00007ffd73e11000 	C:\Windows\system32\USER32.dll
0x00007ffd6f8c0000 - 0x00007ffd6fb1a000 	C:\Windows\WinSxS\amd64_microsoft.windows.common-controls_6595b64144ccf1df_6.0.9600.16384_none_62475f7becb72503\COMCTL32.dll
0x00007ffd75b20000 - 0x00007ffd75bc7000 	C:\Windows\system32\msvcrt.dll
0x00007ffd73f60000 - 0x00007ffd73fb7000 	C:\Windows\SYSTEM32\sechost.dll
0x00007ffd73e20000 - 0x00007ffd73f56000 	C:\Windows\system32\RPCRT4.dll
0x00007ffd75d40000 - 0x00007ffd75e85000 	C:\Windows\system32\GDI32.dll
0x00007ffd763b0000 - 0x00007ffd763e4000 	C:\Windows\system32\IMM32.DLL
0x00007ffd742b0000 - 0x00007ffd743e8000 	C:\Windows\system32\MSCTF.dll
0x000000005ee70000 - 0x000000005ef42000 	C:\Program Files\Android\Android Studio\jre\jre\bin\msvcr100.dll
0x000000005f310000 - 0x000000005fb44000 	C:\Program Files\Android\Android Studio\jre\jre\bin\server\jvm.dll
0x00007ffd71a60000 - 0x00007ffd71a69000 	C:\Windows\SYSTEM32\WSOCK32.dll
0x00007ffd70330000 - 0x00007ffd7034f000 	C:\Windows\SYSTEM32\WINMM.dll
0x00007ffd6b340000 - 0x00007ffd6b34a000 	C:\Windows\SYSTEM32\VERSION.dll
0x00007ffd744b0000 - 0x00007ffd744b7000 	C:\Windows\system32\PSAPI.DLL
0x00007ffd762f0000 - 0x00007ffd76348000 	C:\Windows\system32\WS2_32.dll
0x00007ffd70300000 - 0x00007ffd7032a000 	C:\Windows\SYSTEM32\WINMMBASE.dll
0x00007ffd75bd0000 - 0x00007ffd75bd9000 	C:\Windows\system32\NSI.dll
0x00007ffd73be0000 - 0x00007ffd73c2a000 	C:\Windows\SYSTEM32\cfgmgr32.dll
0x00007ffd725f0000 - 0x00007ffd72616000 	C:\Windows\SYSTEM32\DEVOBJ.dll
0x00007ffd6f610000 - 0x00007ffd6f61f000 	C:\Program Files\Android\Android Studio\jre\jre\bin\verify.dll
0x00007ffd6c790000 - 0x00007ffd6c7b9000 	C:\Program Files\Android\Android Studio\jre\jre\bin\java.dll
0x00007ffd6e9c0000 - 0x00007ffd6e9d6000 	C:\Program Files\Android\Android Studio\jre\jre\bin\zip.dll
0x00007ffd74710000 - 0x00007ffd75b1d000 	C:\Windows\system32\SHELL32.dll
0x00007ffd74070000 - 0x00007ffd74247000 	C:\Windows\SYSTEM32\combase.dll
0x00007ffd746b0000 - 0x00007ffd74701000 	C:\Windows\system32\SHLWAPI.dll
0x00007ffd71c80000 - 0x00007ffd71d21000 	C:\Windows\SYSTEM32\SHCORE.dll
0x00007ffd73770000 - 0x00007ffd73784000 	C:\Windows\SYSTEM32\profapi.dll
0x00007ffd6c770000 - 0x00007ffd6c78a000 	C:\Program Files\Android\Android Studio\jre\jre\bin\net.dll
0x00007ffd730a0000 - 0x00007ffd730f8000 	C:\Windows\system32\mswsock.dll
0x00007ffd6c750000 - 0x00007ffd6c761000 	C:\Program Files\Android\Android Studio\jre\jre\bin\nio.dll
0x00007ffd67860000 - 0x00007ffd6787e000 	C:\Users\afaiz\.gradle\native\23\windows-amd64\native-platform.dll
0x00007ffd73100000 - 0x00007ffd7311e000 	C:\Windows\SYSTEM32\CRYPTSP.dll
0x00007ffd72cd0000 - 0x00007ffd72d05000 	C:\Windows\system32\rsaenh.dll
0x00007ffd73330000 - 0x00007ffd73356000 	C:\Windows\SYSTEM32\bcrypt.dll
0x00007ffd72de0000 - 0x00007ffd72dff000 	C:\Windows\SYSTEM32\USERENV.dll
0x00007ffd73650000 - 0x00007ffd736ae000 	C:\Windows\system32\bcryptprimitives.dll
0x00007ffd736b0000 - 0x00007ffd736ba000 	C:\Windows\SYSTEM32\CRYPTBASE.dll
0x00007ffd6e000000 - 0x00007ffd6e029000 	C:\Windows\SYSTEM32\IPHLPAPI.DLL
0x00007ffd6de80000 - 0x00007ffd6de8a000 	C:\Windows\SYSTEM32\WINNSI.DLL
0x00007ffd6d670000 - 0x00007ffd6d684000 	C:\Windows\SYSTEM32\dhcpcsvc6.DLL
0x00007ffd6d650000 - 0x00007ffd6d669000 	C:\Windows\SYSTEM32\dhcpcsvc.DLL
0x00007ffd6e520000 - 0x00007ffd6e52d000 	C:\Program Files\Android\Android Studio\jre\jre\bin\management.dll
0x00007ffd67620000 - 0x00007ffd67644000 	C:\Program Files\Android\Android Studio\jre\jre\bin\sunec.dll
0x00007ffd72e40000 - 0x00007ffd72ee3000 	C:\Windows\SYSTEM32\DNSAPI.dll
0x00007ffd6a840000 - 0x00007ffd6a849000 	C:\Windows\System32\rasadhlp.dll
0x00007ffd64730000 - 0x00007ffd648c3000 	C:\Program Files\Android\Android Studio\jre\jre\bin\awt.dll
0x00007ffd743f0000 - 0x00007ffd744a7000 	C:\Windows\system32\OLEAUT32.dll
0x00007ffd723a0000 - 0x00007ffd7242b000 	C:\Windows\system32\apphelp.dll
0x00007ffd715f0000 - 0x00007ffd71611000 	C:\Windows\system32\DWMAPI.DLL
0x00007ffd72470000 - 0x00007ffd72592000 	C:\Windows\system32\uxtheme.dll
0x00007ffd5f080000 - 0x00007ffd5f208000 	C:\Windows\SYSTEM32\dbghelp.dll

VM Arguments:
jvm_args: -XX:MaxPermSize=256m -XX:+HeapDumpOnOutOfMemoryError -Xmx1024m -Dfile.encoding=windows-1252 -Duser.country=US -Duser.language=en -Duser.variant 
java_command: org.gradle.launcher.daemon.bootstrap.GradleDaemon 3.3
java_class_path (initial): C:\Users\afaiz\.gradle\wrapper\dists\gradle-3.3-all\55gk2rcmfc6p2dg9u9ohc3hw9\gradle-3.3\lib\gradle-launcher-3.3.jar
Launcher Type: SUN_STANDARD

Environment Variables:
PATH=C:\Program Files (x86)\Intel\iCLS Client\;C:\Program Files\Intel\iCLS Client\;C:\ProgramData\Oracle\Java\javapath;C:\Windows\system32;C:\Windows;C:\Windows\System32\Wbem;C:\Windows\System32\WindowsPowerShell\v1.0\;C:\Program Files\Intel\Intel(R) Management Engine Components\DAL;C:\Program Files\Intel\Intel(R) Management Engine Components\IPT;C:\Program Files (x86)\Intel\Intel(R) Management Engine Components\DAL;C:\Program Files (x86)\Intel\Intel(R) Management Engine Components\IPT
USERNAME=afaiz
OS=Windows_NT
PROCESSOR_IDENTIFIER=Intel64 Family 6 Model 69 Stepping 1, GenuineIntel



---------------  S Y S T E M  ---------------

OS: Windows 8.1 , 64 bit Build 9600 (6.3.9600.16656)

CPU:total 4 (2 cores per cpu, 2 threads per core) family 6 model 69 stepping 1, cmov, cx8, fxsr, mmx, sse, sse2, sse3, ssse3, sse4.1, sse4.2, popcnt, avx, avx2, aes, clmul, erms, lzcnt, ht, tsc, tscinvbit, bmi1, bmi2

Memory: 4k page, physical 6172060k(1306696k free), swap 7679388k(2117068k free)

vm_info: OpenJDK 64-Bit Server VM (25.76-b03) for windows-amd64 JRE (1.8.0_76-release-b03), built on Jun 29 2016 19:09:20 by "ralucas" with MS VC++ 10.0 (VS2010)

time: Wed May 31 20:04:46 2017
elapsed time: 3482 seconds (0d 0h 58m 2s)

